Performing system checks...

System check identified no issues (0 silenced).
March 12, 2026 - 14:55:20
Django version 5.2.12, using settings 'lec_backend.settings'
Starting development server at http://0.0.0.0:8000/
Quit the server with CTRL-BREAK.

WARNING: This is a development server. Do not use it in a production setting. Use a production WSGI or ASGI server instead.
For more information on production servers see: https://docs.djangoproject.com/en/5.2/howto/deployment/
Performing system checks...

System check identified no issues (0 silenced).
March 12, 2026 - 14:59:49
Django version 5.2.12, using settings 'lec_backend.settings'
Starting development server at http://0.0.0.0:8000/
Quit the server with CTRL-BREAK.

WARNING: This is a development server. Do not use it in a production setting. Use a production WSGI or ASGI server instead.
For more information on production servers see: https://docs.djangoproject.com/en/5.2/howto/deployment/
Performing system checks...

System check identified no issues (0 silenced).
March 12, 2026 - 15:10:02
Django version 5.2.12, using settings 'lec_backend.settings'
Starting development server at http://0.0.0.0:8000/
Quit the server with CTRL-BREAK.

WARNING: This is a development server. Do not use it in a production setting. Use a production WSGI or ASGI server instead.
For more information on production servers see: https://docs.djangoproject.com/en/5.2/howto/deployment/
Performing system checks...

System check identified no issues (0 silenced).
March 12, 2026 - 15:10:51
Django version 5.2.12, using settings 'lec_backend.settings'
Starting development server at http://0.0.0.0:8000/
Quit the server with CTRL-BREAK.

WARNING: This is a development server. Do not use it in a production setting. Use a production WSGI or ASGI server instead.
For more information on production servers see: https://docs.djangoproject.com/en/5.2/howto/deployment/
Performing system checks...

System check identified no issues (0 silenced).

You have 1 unapplied migration(s). Your project may not work properly until you apply the migrations for app(s): core.
Run 'python manage.py migrate' to apply them.
March 12, 2026 - 15:13:30
Django version 5.2.12, using settings 'lec_backend.settings'
Starting development server at http://0.0.0.0:8000/
Quit the server with CTRL-BREAK.

WARNING: This is a development server. Do not use it in a production setting. Use a production WSGI or ASGI server instead.
For more information on production servers see: https://docs.djangoproject.com/en/5.2/howto/deployment/
